[2021-01-02 01:07:17.409] [INFO] SampleWebApp - ****************** SERVER STARTED ************************
[2021-01-02 01:07:17.412] [INFO] SampleWebApp - ***************  http://localhost:4000  ******************
[2021-01-02 01:07:17.631] [INFO] SampleWebApp - app started!
[2021-01-02 10:15:31.239] [INFO] Helper - User admin_cc_gfe was not enrolled, so we will need an admin user object to register
[2021-01-02 10:15:31.337] [ERROR] Helper - Failed to get registered user: admin_cc_gfe with error: Error: Calling enrollment endpoint failed with error [Error: connect ECONNREFUSED 127.0.0.1:7054]
[2021-01-02 10:15:50.749] [INFO] SampleWebApp - ****************** SERVER STARTED ************************
[2021-01-02 10:15:50.750] [INFO] SampleWebApp - ***************  http://localhost:4000  ******************
[2021-01-02 10:15:50.914] [INFO] SampleWebApp - app started!
[2021-01-02 10:16:09.725] [INFO] Helper - User admin_cc_gfe was not enrolled, so we will need an admin user object to register
[2021-01-02 10:16:09.817] [ERROR] Helper - Failed to get registered user: admin_cc_gfe with error: Error: Calling enrollment endpoint failed with error [Error: connect ECONNREFUSED 127.0.0.1:7054]
[2021-01-02 10:16:53.913] [INFO] SampleWebApp - ****************** SERVER STARTED ************************
[2021-01-02 10:16:53.915] [INFO] SampleWebApp - ***************  http://localhost:4000  ******************
[2021-01-02 10:16:54.081] [INFO] SampleWebApp - app started!
[2021-01-02 10:18:20.449] [INFO] SampleWebApp - ****************** SERVER STARTED ************************
[2021-01-02 10:18:20.451] [INFO] SampleWebApp - ***************  http://localhost:4000  ******************
[2021-01-02 10:18:20.652] [INFO] SampleWebApp - app started!
[2021-01-02 10:18:53.650] [INFO] Helper - User admin_cc_gfe was not enrolled, so we will need an admin user object to register
[2021-01-02 10:18:54.470] [INFO] SampleWebApp - <<<<<<<<<<<<<<<<< C R E A T E  C H A N N E L >>>>>>>>>>>>>>>>>
[2021-01-02 10:18:57.654] [INFO] SampleWebApp - <<<<<<<<<<<<<<<<< J O I N  C H A N N E L >>>>>>>>>>>>>>>>>
[2021-01-02 10:18:57.655] [INFO] Join-Channel - Calling peers in organization "Gfe" to join the channel
[2021-01-02 10:18:58.171] [INFO] Join-Channel - EventHub % has reported a block update for channel localhost:7053 softwarechannel
[2021-01-02 10:18:58.200] [INFO] Join-Channel - EventHub % has reported a block update for channel localhost:7058 softwarechannel
[2021-01-02 10:18:58.200] [INFO] Join-Channel - Successfully joined peer to the channel softwarechannel
[2021-01-02 10:18:58.201] [INFO] Join-Channel - Successfully joined peer to the channel softwarechannel
[2021-01-02 10:18:58.212] [INFO] Join-Channel - Successfully joined peers in organization Gfe to the channel:softwarechannel
[2021-01-02 19:57:12.402] [INFO] SampleWebApp - ****************** SERVER STARTED ************************
[2021-01-02 19:57:12.403] [INFO] SampleWebApp - ***************  http://localhost:4000  ******************
[2021-01-02 19:57:12.591] [INFO] SampleWebApp - app started!
[2021-01-02 21:16:18.165] [INFO] SampleWebApp - ****************** SERVER STARTED ************************
[2021-01-02 21:16:18.167] [INFO] SampleWebApp - ***************  http://localhost:4000  ******************
[2021-01-02 21:16:18.347] [INFO] SampleWebApp - app started!
[2021-01-02 21:18:39.826] [INFO] SampleWebApp - ****************** SERVER STARTED ************************
[2021-01-02 21:18:39.827] [INFO] SampleWebApp - ***************  http://localhost:4000  ******************
[2021-01-02 21:18:40.018] [INFO] SampleWebApp - app started!
[2021-01-02 22:32:10.372] [INFO] SampleWebApp - ****************** SERVER STARTED ************************
[2021-01-02 22:32:10.374] [INFO] SampleWebApp - ***************  http://localhost:4000  ******************
[2021-01-02 22:32:10.567] [INFO] SampleWebApp - app started!
[2021-01-02 23:05:53.151] [INFO] SampleWebApp - ****************** SERVER STARTED ************************
[2021-01-02 23:05:53.153] [INFO] SampleWebApp - ***************  http://localhost:4000  ******************
[2021-01-02 23:05:53.332] [INFO] SampleWebApp - app started!
[2021-01-02 23:30:55.233] [INFO] SampleWebApp - ****************** SERVER STARTED ************************
[2021-01-02 23:30:55.235] [INFO] SampleWebApp - ***************  http://localhost:4000  ******************
[2021-01-02 23:30:55.433] [INFO] SampleWebApp - app started!
[2021-01-02 23:37:15.652] [INFO] SampleWebApp - ****************** SERVER STARTED ************************
[2021-01-02 23:37:15.653] [INFO] SampleWebApp - ***************  http://localhost:4000  ******************
[2021-01-02 23:37:15.846] [INFO] SampleWebApp - app started!
[2021-01-02 23:39:07.127] [INFO] SampleWebApp - ****************** SERVER STARTED ************************
[2021-01-02 23:39:07.129] [INFO] SampleWebApp - ***************  http://localhost:4000  ******************
[2021-01-02 23:39:07.337] [INFO] SampleWebApp - app started!
